========================================================================================
Report      : ERROR
Date        : Wed Oct 26 11:07:50 Central Daylight Time 2016
Description : UDP recvmsg sock 2404: ret -1 errno 10054

Node        : MLP-ACER
Process     : java.exe <4964>
Thread      : recv 6924
Internals   : V6.4.140407OSS/3b83e82/3b83e82/ddsi2/ddsi_socket.c/45/0/1477498070.740852441
========================================================================================
Report      : ERROR
Date        : Wed Oct 26 11:07:50 Central Daylight Time 2016
Description : UDP recvmsg sock 2404: ret -1 errno 10054

Node        : MLP-ACER
Process     : java.exe <4964>
Thread      : recv 6924
Internals   : V6.4.140407OSS/3b83e82/3b83e82/ddsi2/ddsi_socket.c/45/0/1477498070.870439858
========================================================================================
Report      : ERROR
Date        : Wed Oct 26 11:07:50 Central Daylight Time 2016
Description : UDP recvmsg sock 2404: ret -1 errno 10054

Node        : MLP-ACER
Process     : java.exe <4964>
Thread      : recv 6924
Internals   : V6.4.140407OSS/3b83e82/3b83e82/ddsi2/ddsi_socket.c/45/0/1477498070.970445829
========================================================================================
Report      : ERROR
Date        : Wed Oct 26 11:07:51 Central Daylight Time 2016
Description : UDP recvmsg sock 2404: ret -1 errno 10054

Node        : MLP-ACER
Process     : java.exe <4964>
Thread      : recv 6924
Internals   : V6.4.140407OSS/3b83e82/3b83e82/ddsi2/ddsi_socket.c/45/0/1477498071.070438272
========================================================================================
Report      : ERROR
Date        : Wed Oct 26 11:07:51 Central Daylight Time 2016
Description : UDP recvmsg sock 2404: ret -1 errno 10054

Node        : MLP-ACER
Process     : java.exe <4964>
Thread      : recv 6924
Internals   : V6.4.140407OSS/3b83e82/3b83e82/ddsi2/ddsi_socket.c/45/0/1477498071.270439485
========================================================================================
Report      : ERROR
Date        : Wed Oct 26 11:07:51 Central Daylight Time 2016
Description : UDP recvmsg sock 2404: ret -1 errno 10054

Node        : MLP-ACER
Process     : java.exe <4964>
Thread      : recv 6924
Internals   : V6.4.140407OSS/3b83e82/3b83e82/ddsi2/ddsi_socket.c/45/0/1477498071.670463838
========================================================================================
Report      : ERROR
Date        : Wed Oct 26 11:07:51 Central Daylight Time 2016
Description : UDP recvmsg sock 2404: ret -1 errno 10054

Node        : MLP-ACER
Process     : java.exe <4964>
Thread      : recv 6924
Internals   : V6.4.140407OSS/3b83e82/3b83e82/ddsi2/ddsi_socket.c/45/0/1477498071.880482443
========================================================================================
Report      : ERROR
Date        : Wed Oct 26 11:07:51 Central Daylight Time 2016
Description : UDP recvmsg sock 2404: ret -1 errno 10054

Node        : MLP-ACER
Process     : java.exe <4964>
Thread      : recv 6924
Internals   : V6.4.140407OSS/3b83e82/3b83e82/ddsi2/ddsi_socket.c/45/0/1477498071.980479084
========================================================================================
Report      : ERROR
Date        : Wed Oct 26 11:07:52 Central Daylight Time 2016
Description : UDP recvmsg sock 2404: ret -1 errno 10054

Node        : MLP-ACER
Process     : java.exe <4964>
Thread      : recv 6924
Internals   : V6.4.140407OSS/3b83e82/3b83e82/ddsi2/ddsi_socket.c/45/0/1477498072.040610963
========================================================================================
Report      : ERROR
Date        : Wed Oct 26 11:07:52 Central Daylight Time 2016
Description : UDP recvmsg sock 2404: ret -1 errno 10054

Node        : MLP-ACER
Process     : java.exe <4964>
Thread      : recv 6924
Internals   : V6.4.140407OSS/3b83e82/3b83e82/ddsi2/ddsi_socket.c/45/0/1477498072.080481323
========================================================================================
Report      : ERROR
Date        : Wed Oct 26 11:07:52 Central Daylight Time 2016
Description : UDP recvmsg sock 2404: ret -1 errno 10054

Node        : MLP-ACER
Process     : java.exe <4964>
Thread      : recv 6924
Internals   : V6.4.140407OSS/3b83e82/3b83e82/ddsi2/ddsi_socket.c/45/0/1477498072.140609937
========================================================================================
Report      : ERROR
Date        : Wed Oct 26 11:07:52 Central Daylight Time 2016
Description : UDP recvmsg sock 2404: ret -1 errno 10054

Node        : MLP-ACER
Process     : java.exe <4964>
Thread      : recv 6924
Internals   : V6.4.140407OSS/3b83e82/3b83e82/ddsi2/ddsi_socket.c/45/0/1477498072.240609377
========================================================================================
Report      : ERROR
Date        : Wed Oct 26 11:07:52 Central Daylight Time 2016
Description : UDP recvmsg sock 2404: ret -1 errno 10054

Node        : MLP-ACER
Process     : java.exe <4964>
Thread      : recv 6924
Internals   : V6.4.140407OSS/3b83e82/3b83e82/ddsi2/ddsi_socket.c/45/0/1477498072.280500731
========================================================================================
Report      : ERROR
Date        : Wed Oct 26 11:07:52 Central Daylight Time 2016
Description : UDP recvmsg sock 2404: ret -1 errno 10054

Node        : MLP-ACER
Process     : java.exe <4964>
Thread      : recv 6924
Internals   : V6.4.140407OSS/3b83e82/3b83e82/ddsi2/ddsi_socket.c/45/0/1477498072.440610124
========================================================================================
Report      : ERROR
Date        : Wed Oct 26 11:07:52 Central Daylight Time 2016
Description : UDP recvmsg sock 2404: ret -1 errno 10054

Node        : MLP-ACER
Process     : java.exe <4964>
Thread      : recv 6924
Internals   : V6.4.140407OSS/3b83e82/3b83e82/ddsi2/ddsi_socket.c/45/0/1477498072.680569405
========================================================================================
Report      : ERROR
Date        : Wed Oct 26 11:07:52 Central Daylight Time 2016
Description : UDP recvmsg sock 2404: ret -1 errno 10054

Node        : MLP-ACER
Process     : java.exe <4964>
Thread      : recv 6924
Internals   : V6.4.140407OSS/3b83e82/3b83e82/ddsi2/ddsi_socket.c/45/0/1477498072.740591182
========================================================================================
Report      : ERROR
Date        : Wed Oct 26 11:07:52 Central Daylight Time 2016
Description : UDP recvmsg sock 2404: ret -1 errno 10054

Node        : MLP-ACER
Process     : java.exe <4964>
Thread      : recv 6924
Internals   : V6.4.140407OSS/3b83e82/3b83e82/ddsi2/ddsi_socket.c/45/0/1477498072.840610217
========================================================================================
Report      : ERROR
Date        : Wed Oct 26 11:07:52 Central Daylight Time 2016
Description : UDP recvmsg sock 2404: ret -1 errno 10054

Node        : MLP-ACER
Process     : java.exe <4964>
Thread      : recv 6924
Internals   : V6.4.140407OSS/3b83e82/3b83e82/ddsi2/ddsi_socket.c/45/0/1477498072.880556155
========================================================================================
Report      : ERROR
Date        : Wed Oct 26 11:07:52 Central Daylight Time 2016
Description : UDP recvmsg sock 2404: ret -1 errno 10054

Node        : MLP-ACER
Process     : java.exe <4964>
Thread      : recv 6924
Internals   : V6.4.140407OSS/3b83e82/3b83e82/ddsi2/ddsi_socket.c/45/0/1477498072.980556062
========================================================================================
Report      : ERROR
Date        : Wed Oct 26 11:07:53 Central Daylight Time 2016
Description : UDP recvmsg sock 2404: ret -1 errno 10054

Node        : MLP-ACER
Process     : java.exe <4964>
Thread      : recv 6924
Internals   : V6.4.140407OSS/3b83e82/3b83e82/ddsi2/ddsi_socket.c/45/0/1477498073.080554102
========================================================================================
Report      : ERROR
Date        : Wed Oct 26 11:07:53 Central Daylight Time 2016
Description : UDP recvmsg sock 2404: ret -1 errno 10054

Node        : MLP-ACER
Process     : java.exe <4964>
Thread      : recv 6924
Internals   : V6.4.140407OSS/3b83e82/3b83e82/ddsi2/ddsi_socket.c/45/0/1477498073.280560914
========================================================================================
Report      : ERROR
Date        : Wed Oct 26 11:07:53 Central Daylight Time 2016
Description : UDP recvmsg sock 2404: ret -1 errno 10054

Node        : MLP-ACER
Process     : java.exe <4964>
Thread      : recv 6924
Internals   : V6.4.140407OSS/3b83e82/3b83e82/ddsi2/ddsi_socket.c/45/0/1477498073.640719106
========================================================================================
Report      : ERROR
Date        : Wed Oct 26 11:07:53 Central Daylight Time 2016
Description : UDP recvmsg sock 2404: ret -1 errno 10054

Node        : MLP-ACER
Process     : java.exe <4964>
Thread      : recv 6924
Internals   : V6.4.140407OSS/3b83e82/3b83e82/ddsi2/ddsi_socket.c/45/0/1477498073.680709831
========================================================================================
Report      : ERROR
Date        : Wed Oct 26 11:07:53 Central Daylight Time 2016
Description : UDP recvmsg sock 2404: ret -1 errno 10054

Node        : MLP-ACER
Process     : java.exe <4964>
Thread      : recv 6924
Internals   : V6.4.140407OSS/3b83e82/3b83e82/ddsi2/ddsi_socket.c/45/0/1477498073.880752099
========================================================================================
Report      : ERROR
Date        : Wed Oct 26 11:07:53 Central Daylight Time 2016
Description : UDP recvmsg sock 2404: ret -1 errno 10054

Node        : MLP-ACER
Process     : java.exe <4964>
Thread      : recv 6924
Internals   : V6.4.140407OSS/3b83e82/3b83e82/ddsi2/ddsi_socket.c/45/0/1477498073.980751539
========================================================================================
Report      : ERROR
Date        : Wed Oct 26 11:07:54 Central Daylight Time 2016
Description : UDP recvmsg sock 2404: ret -1 errno 10054

Node        : MLP-ACER
Process     : java.exe <4964>
Thread      : recv 6924
Internals   : V6.4.140407OSS/3b83e82/3b83e82/ddsi2/ddsi_socket.c/45/0/1477498074.030775519
========================================================================================
Report      : ERROR
Date        : Wed Oct 26 11:07:54 Central Daylight Time 2016
Description : UDP recvmsg sock 2404: ret -1 errno 10054

Node        : MLP-ACER
Process     : java.exe <4964>
Thread      : recv 6924
Internals   : V6.4.140407OSS/3b83e82/3b83e82/ddsi2/ddsi_socket.c/45/0/1477498074.080757977
========================================================================================
Report      : ERROR
Date        : Wed Oct 26 11:07:54 Central Daylight Time 2016
Description : UDP recvmsg sock 2404: ret -1 errno 10054

Node        : MLP-ACER
Process     : java.exe <4964>
Thread      : recv 6924
Internals   : V6.4.140407OSS/3b83e82/3b83e82/ddsi2/ddsi_socket.c/45/0/1477498074.130941045
========================================================================================
Report      : ERROR
Date        : Wed Oct 26 11:07:54 Central Daylight Time 2016
Description : UDP recvmsg sock 2404: ret -1 errno 10054

Node        : MLP-ACER
Process     : java.exe <4964>
Thread      : recv 6924
Internals   : V6.4.140407OSS/3b83e82/3b83e82/ddsi2/ddsi_socket.c/45/0/1477498074.230921824
========================================================================================
Report      : ERROR
Date        : Wed Oct 26 11:07:54 Central Daylight Time 2016
Description : UDP recvmsg sock 2404: ret -1 errno 10054

Node        : MLP-ACER
Process     : java.exe <4964>
Thread      : recv 6924
Internals   : V6.4.140407OSS/3b83e82/3b83e82/ddsi2/ddsi_socket.c/45/0/1477498074.241043253
========================================================================================
Report      : ERROR
Date        : Wed Oct 26 11:07:54 Central Daylight Time 2016
Description : UDP recvmsg sock 2404: ret -1 errno 10054

Node        : MLP-ACER
Process     : java.exe <4964>
Thread      : recv 6924
Internals   : V6.4.140407OSS/3b83e82/3b83e82/ddsi2/ddsi_socket.c/45/0/1477498074.241244795
========================================================================================
Report      : ERROR
Date        : Wed Oct 26 11:20:38 Central Daylight Time 2016
Description : UDP recvmsg sock 2408: ret -1 errno 10054

Node        : MLP-ACER
Process     : java.exe <440>
Thread      : recv 4392
Internals   : V6.4.140407OSS/3b83e82/3b83e82/ddsi2/ddsi_socket.c/45/0/1477498838.391255032
========================================================================================
Report      : ERROR
Date        : Wed Oct 26 11:20:38 Central Daylight Time 2016
Description : UDP recvmsg sock 2408: ret -1 errno 10054

Node        : MLP-ACER
Process     : java.exe <440>
Thread      : recv 4392
Internals   : V6.4.140407OSS/3b83e82/3b83e82/ddsi2/ddsi_socket.c/45/0/1477498838.520966081
========================================================================================
Report      : ERROR
Date        : Wed Oct 26 11:20:38 Central Daylight Time 2016
Description : UDP recvmsg sock 2408: ret -1 errno 10054

Node        : MLP-ACER
Process     : java.exe <440>
Thread      : recv 4392
Internals   : V6.4.140407OSS/3b83e82/3b83e82/ddsi2/ddsi_socket.c/45/0/1477498838.621003310
========================================================================================
Report      : ERROR
Date        : Wed Oct 26 11:20:38 Central Daylight Time 2016
Description : UDP recvmsg sock 2408: ret -1 errno 10054

Node        : MLP-ACER
Process     : java.exe <440>
Thread      : recv 4392
Internals   : V6.4.140407OSS/3b83e82/3b83e82/ddsi2/ddsi_socket.c/45/0/1477498838.720976624
========================================================================================
Report      : ERROR
Date        : Wed Oct 26 11:20:38 Central Daylight Time 2016
Description : UDP recvmsg sock 2408: ret -1 errno 10054

Node        : MLP-ACER
Process     : java.exe <440>
Thread      : recv 4392
Internals   : V6.4.140407OSS/3b83e82/3b83e82/ddsi2/ddsi_socket.c/45/0/1477498838.921001164
========================================================================================
Report      : ERROR
Date        : Wed Oct 26 11:20:39 Central Daylight Time 2016
Description : UDP recvmsg sock 2408: ret -1 errno 10054

Node        : MLP-ACER
Process     : java.exe <440>
Thread      : recv 4392
Internals   : V6.4.140407OSS/3b83e82/3b83e82/ddsi2/ddsi_socket.c/45/0/1477498839.322823068
========================================================================================
Report      : ERROR
Date        : Wed Oct 26 11:20:39 Central Daylight Time 2016
Description : UDP recvmsg sock 2408: ret -1 errno 10054

Node        : MLP-ACER
Process     : java.exe <440>
Thread      : recv 4392
Internals   : V6.4.140407OSS/3b83e82/3b83e82/ddsi2/ddsi_socket.c/45/0/1477498839.522868135
========================================================================================
Report      : ERROR
Date        : Wed Oct 26 11:20:39 Central Daylight Time 2016
Description : UDP recvmsg sock 2408: ret -1 errno 10054

Node        : MLP-ACER
Process     : java.exe <440>
Thread      : recv 4392
Internals   : V6.4.140407OSS/3b83e82/3b83e82/ddsi2/ddsi_socket.c/45/0/1477498839.622913762
========================================================================================
Report      : ERROR
Date        : Wed Oct 26 11:20:39 Central Daylight Time 2016
Description : UDP recvmsg sock 2408: ret -1 errno 10054

Node        : MLP-ACER
Process     : java.exe <440>
Thread      : recv 4392
Internals   : V6.4.140407OSS/3b83e82/3b83e82/ddsi2/ddsi_socket.c/45/0/1477498839.713010577
========================================================================================
Report      : ERROR
Date        : Wed Oct 26 11:20:39 Central Daylight Time 2016
Description : UDP recvmsg sock 2408: ret -1 errno 10054

Node        : MLP-ACER
Process     : java.exe <440>
Thread      : recv 4392
Internals   : V6.4.140407OSS/3b83e82/3b83e82/ddsi2/ddsi_socket.c/45/0/1477498839.722919733
========================================================================================
Report      : ERROR
Date        : Wed Oct 26 11:20:39 Central Daylight Time 2016
Description : UDP recvmsg sock 2408: ret -1 errno 10054

Node        : MLP-ACER
Process     : java.exe <440>
Thread      : recv 4392
Internals   : V6.4.140407OSS/3b83e82/3b83e82/ddsi2/ddsi_socket.c/45/0/1477498839.813032410
========================================================================================
Report      : ERROR
Date        : Wed Oct 26 11:20:39 Central Daylight Time 2016
Description : UDP recvmsg sock 2408: ret -1 errno 10054

Node        : MLP-ACER
Process     : java.exe <440>
Thread      : recv 4392
Internals   : V6.4.140407OSS/3b83e82/3b83e82/ddsi2/ddsi_socket.c/45/0/1477498839.913008524
========================================================================================
Report      : ERROR
Date        : Wed Oct 26 11:20:39 Central Daylight Time 2016
Description : UDP recvmsg sock 2408: ret -1 errno 10054

Node        : MLP-ACER
Process     : java.exe <440>
Thread      : recv 4392
Internals   : V6.4.140407OSS/3b83e82/3b83e82/ddsi2/ddsi_socket.c/45/0/1477498839.923005855
========================================================================================
Report      : ERROR
Date        : Wed Oct 26 11:20:40 Central Daylight Time 2016
Description : UDP recvmsg sock 2408: ret -1 errno 10054

Node        : MLP-ACER
Process     : java.exe <440>
Thread      : recv 4392
Internals   : V6.4.140407OSS/3b83e82/3b83e82/ddsi2/ddsi_socket.c/45/0/1477498840.113130569
========================================================================================
Report      : ERROR
Date        : Wed Oct 26 11:20:40 Central Daylight Time 2016
Description : UDP recvmsg sock 2408: ret -1 errno 10054

Node        : MLP-ACER
Process     : java.exe <440>
Thread      : recv 4392
Internals   : V6.4.140407OSS/3b83e82/3b83e82/ddsi2/ddsi_socket.c/45/0/1477498840.323279803
========================================================================================
Report      : ERROR
Date        : Wed Oct 26 11:20:40 Central Daylight Time 2016
Description : UDP recvmsg sock 2408: ret -1 errno 10054

Node        : MLP-ACER
Process     : java.exe <440>
Thread      : recv 4392
Internals   : V6.4.140407OSS/3b83e82/3b83e82/ddsi2/ddsi_socket.c/45/0/1477498840.393343233
========================================================================================
Report      : ERROR
Date        : Wed Oct 26 11:20:40 Central Daylight Time 2016
Description : UDP recvmsg sock 2408: ret -1 errno 10054

Node        : MLP-ACER
Process     : java.exe <440>
Thread      : recv 4392
Internals   : V6.4.140407OSS/3b83e82/3b83e82/ddsi2/ddsi_socket.c/45/0/1477498840.513291616
========================================================================================
Report      : ERROR
Date        : Wed Oct 26 11:20:40 Central Daylight Time 2016
Description : UDP recvmsg sock 2408: ret -1 errno 10054

Node        : MLP-ACER
Process     : java.exe <440>
Thread      : recv 4392
Internals   : V6.4.140407OSS/3b83e82/3b83e82/ddsi2/ddsi_socket.c/45/0/1477498840.523343998
========================================================================================
Report      : ERROR
Date        : Wed Oct 26 11:20:40 Central Daylight Time 2016
Description : UDP recvmsg sock 2408: ret -1 errno 10054

Node        : MLP-ACER
Process     : java.exe <440>
Thread      : recv 4392
Internals   : V6.4.140407OSS/3b83e82/3b83e82/ddsi2/ddsi_socket.c/45/0/1477498840.623353702
========================================================================================
Report      : ERROR
Date        : Wed Oct 26 11:20:40 Central Daylight Time 2016
Description : UDP recvmsg sock 2408: ret -1 errno 10054

Node        : MLP-ACER
Process     : java.exe <440>
Thread      : recv 4392
Internals   : V6.4.140407OSS/3b83e82/3b83e82/ddsi2/ddsi_socket.c/45/0/1477498840.723349410
========================================================================================
Report      : ERROR
Date        : Wed Oct 26 11:20:40 Central Daylight Time 2016
Description : UDP recvmsg sock 2408: ret -1 errno 10054

Node        : MLP-ACER
Process     : java.exe <440>
Thread      : recv 4392
Internals   : V6.4.140407OSS/3b83e82/3b83e82/ddsi2/ddsi_socket.c/45/0/1477498840.923366485
========================================================================================
Report      : ERROR
Date        : Wed Oct 26 11:20:41 Central Daylight Time 2016
Description : UDP recvmsg sock 2408: ret -1 errno 10054

Node        : MLP-ACER
Process     : java.exe <440>
Thread      : recv 4392
Internals   : V6.4.140407OSS/3b83e82/3b83e82/ddsi2/ddsi_socket.c/45/0/1477498841.313284338
========================================================================================
Report      : ERROR
Date        : Wed Oct 26 11:20:41 Central Daylight Time 2016
Description : UDP recvmsg sock 2408: ret -1 errno 10054

Node        : MLP-ACER
Process     : java.exe <440>
Thread      : recv 4392
Internals   : V6.4.140407OSS/3b83e82/3b83e82/ddsi2/ddsi_socket.c/45/0/1477498841.323330189
========================================================================================
Report      : ERROR
Date        : Wed Oct 26 11:20:41 Central Daylight Time 2016
Description : UDP recvmsg sock 2408: ret -1 errno 10054

Node        : MLP-ACER
Process     : java.exe <440>
Thread      : recv 4392
Internals   : V6.4.140407OSS/3b83e82/3b83e82/ddsi2/ddsi_socket.c/45/0/1477498841.523716292
========================================================================================
Report      : ERROR
Date        : Wed Oct 26 11:20:41 Central Daylight Time 2016
Description : UDP recvmsg sock 2408: ret -1 errno 10054

Node        : MLP-ACER
Process     : java.exe <440>
Thread      : recv 4392
Internals   : V6.4.140407OSS/3b83e82/3b83e82/ddsi2/ddsi_socket.c/45/0/1477498841.623714332
========================================================================================
Report      : ERROR
Date        : Wed Oct 26 11:20:41 Central Daylight Time 2016
Description : UDP recvmsg sock 2408: ret -1 errno 10054

Node        : MLP-ACER
Process     : java.exe <440>
Thread      : recv 4392
Internals   : V6.4.140407OSS/3b83e82/3b83e82/ddsi2/ddsi_socket.c/45/0/1477498841.683684325
========================================================================================
Report      : ERROR
Date        : Wed Oct 26 11:20:41 Central Daylight Time 2016
Description : UDP recvmsg sock 2408: ret -1 errno 10054

Node        : MLP-ACER
Process     : java.exe <440>
Thread      : recv 4392
Internals   : V6.4.140407OSS/3b83e82/3b83e82/ddsi2/ddsi_socket.c/45/0/1477498841.723701642
========================================================================================
Report      : ERROR
Date        : Wed Oct 26 11:20:41 Central Daylight Time 2016
Description : UDP recvmsg sock 2408: ret -1 errno 10054

Node        : MLP-ACER
Process     : java.exe <440>
Thread      : recv 4392
Internals   : V6.4.140407OSS/3b83e82/3b83e82/ddsi2/ddsi_socket.c/45/0/1477498841.783743948
========================================================================================
Report      : ERROR
Date        : Wed Oct 26 11:20:41 Central Daylight Time 2016
Description : UDP recvmsg sock 2408: ret -1 errno 10054

Node        : MLP-ACER
Process     : java.exe <440>
Thread      : recv 4392
Internals   : V6.4.140407OSS/3b83e82/3b83e82/ddsi2/ddsi_socket.c/45/0/1477498841.883806370
========================================================================================
Report      : ERROR
Date        : Wed Oct 26 11:20:41 Central Daylight Time 2016
Description : UDP recvmsg sock 2408: ret -1 errno 10054

Node        : MLP-ACER
Process     : java.exe <440>
Thread      : recv 4392
Internals   : V6.4.140407OSS/3b83e82/3b83e82/ddsi2/ddsi_socket.c/45/0/1477498841.884089555
========================================================================================
Report      : ERROR
Date        : Wed Oct 26 11:20:41 Central Daylight Time 2016
Description : UDP recvmsg sock 2408: ret -1 errno 10054

Node        : MLP-ACER
Process     : java.exe <440>
Thread      : recv 4392
Internals   : V6.4.140407OSS/3b83e82/3b83e82/ddsi2/ddsi_socket.c/45/0/1477498841.884220651
========================================================================================
Report      : ERROR
Date        : Wed Oct 26 11:22:17 Central Daylight Time 2016
Description : UDP recvmsg sock 2404: ret -1 errno 10054

Node        : MLP-ACER
Process     : java.exe <6236>
Thread      : recv 7624
Internals   : V6.4.140407OSS/3b83e82/3b83e82/ddsi2/ddsi_socket.c/45/0/1477498937.253230851
========================================================================================
Report      : ERROR
Date        : Wed Oct 26 11:22:17 Central Daylight Time 2016
Description : UDP recvmsg sock 2404: ret -1 errno 10054

Node        : MLP-ACER
Process     : java.exe <6236>
Thread      : recv 7624
Internals   : V6.4.140407OSS/3b83e82/3b83e82/ddsi2/ddsi_socket.c/45/0/1477498937.382965226
========================================================================================
Report      : ERROR
Date        : Wed Oct 26 11:22:17 Central Daylight Time 2016
Description : UDP recvmsg sock 2404: ret -1 errno 10054

Node        : MLP-ACER
Process     : java.exe <6236>
Thread      : recv 7624
Internals   : V6.4.140407OSS/3b83e82/3b83e82/ddsi2/ddsi_socket.c/45/0/1477498937.482985660
========================================================================================
Report      : ERROR
Date        : Wed Oct 26 11:22:17 Central Daylight Time 2016
Description : UDP recvmsg sock 2404: ret -1 errno 10054

Node        : MLP-ACER
Process     : java.exe <6236>
Thread      : recv 7624
Internals   : V6.4.140407OSS/3b83e82/3b83e82/ddsi2/ddsi_socket.c/45/0/1477498937.582987433
========================================================================================
Report      : ERROR
Date        : Wed Oct 26 11:22:17 Central Daylight Time 2016
Description : UDP recvmsg sock 2404: ret -1 errno 10054

Node        : MLP-ACER
Process     : java.exe <6236>
Thread      : recv 7624
Internals   : V6.4.140407OSS/3b83e82/3b83e82/ddsi2/ddsi_socket.c/45/0/1477498937.782992378
========================================================================================
Report      : ERROR
Date        : Wed Oct 26 11:22:18 Central Daylight Time 2016
Description : UDP recvmsg sock 2404: ret -1 errno 10054

Node        : MLP-ACER
Process     : java.exe <6236>
Thread      : recv 7624
Internals   : V6.4.140407OSS/3b83e82/3b83e82/ddsi2/ddsi_socket.c/45/0/1477498938.183257929
========================================================================================
Report      : ERROR
Date        : Wed Oct 26 11:22:18 Central Daylight Time 2016
Description : UDP recvmsg sock 2404: ret -1 errno 10054

Node        : MLP-ACER
Process     : java.exe <6236>
Thread      : recv 7624
Internals   : V6.4.140407OSS/3b83e82/3b83e82/ddsi2/ddsi_socket.c/45/0/1477498938.383677155
========================================================================================
Report      : ERROR
Date        : Wed Oct 26 11:22:18 Central Daylight Time 2016
Description : UDP recvmsg sock 2404: ret -1 errno 10054

Node        : MLP-ACER
Process     : java.exe <6236>
Thread      : recv 7624
Internals   : V6.4.140407OSS/3b83e82/3b83e82/ddsi2/ddsi_socket.c/45/0/1477498938.483800693
========================================================================================
Report      : ERROR
Date        : Wed Oct 26 11:22:18 Central Daylight Time 2016
Description : UDP recvmsg sock 2404: ret -1 errno 10054

Node        : MLP-ACER
Process     : java.exe <6236>
Thread      : recv 7624
Internals   : V6.4.140407OSS/3b83e82/3b83e82/ddsi2/ddsi_socket.c/45/0/1477498938.574021606
========================================================================================
Report      : ERROR
Date        : Wed Oct 26 11:22:18 Central Daylight Time 2016
Description : UDP recvmsg sock 2404: ret -1 errno 10054

Node        : MLP-ACER
Process     : java.exe <6236>
Thread      : recv 7624
Internals   : V6.4.140407OSS/3b83e82/3b83e82/ddsi2/ddsi_socket.c/45/0/1477498938.583821127
========================================================================================
Report      : ERROR
Date        : Wed Oct 26 11:22:18 Central Daylight Time 2016
Description : UDP recvmsg sock 2404: ret -1 errno 10054

Node        : MLP-ACER
Process     : java.exe <6236>
Thread      : recv 7624
Internals   : V6.4.140407OSS/3b83e82/3b83e82/ddsi2/ddsi_socket.c/45/0/1477498938.674044372
========================================================================================
Report      : ERROR
Date        : Wed Oct 26 11:22:18 Central Daylight Time 2016
Description : UDP recvmsg sock 2404: ret -1 errno 10054

Node        : MLP-ACER
Process     : java.exe <6236>
Thread      : recv 7624
Internals   : V6.4.140407OSS/3b83e82/3b83e82/ddsi2/ddsi_socket.c/45/0/1477498938.774042879
========================================================================================
Report      : ERROR
Date        : Wed Oct 26 11:22:18 Central Daylight Time 2016
Description : UDP recvmsg sock 2404: ret -1 errno 10054

Node        : MLP-ACER
Process     : java.exe <6236>
Thread      : recv 7624
Internals   : V6.4.140407OSS/3b83e82/3b83e82/ddsi2/ddsi_socket.c/45/0/1477498938.783983294
========================================================================================
Report      : ERROR
Date        : Wed Oct 26 11:22:18 Central Daylight Time 2016
Description : UDP recvmsg sock 2404: ret -1 errno 10054

Node        : MLP-ACER
Process     : java.exe <6236>
Thread      : recv 7624
Internals   : V6.4.140407OSS/3b83e82/3b83e82/ddsi2/ddsi_socket.c/45/0/1477498938.974335209
========================================================================================
Report      : ERROR
Date        : Wed Oct 26 11:22:19 Central Daylight Time 2016
Description : UDP recvmsg sock 2404: ret -1 errno 10054

Node        : MLP-ACER
Process     : java.exe <6236>
Thread      : recv 7624
Internals   : V6.4.140407OSS/3b83e82/3b83e82/ddsi2/ddsi_socket.c/45/0/1477498939.184389271
========================================================================================
Report      : ERROR
Date        : Wed Oct 26 11:22:19 Central Daylight Time 2016
Description : UDP recvmsg sock 2404: ret -1 errno 10054

Node        : MLP-ACER
Process     : java.exe <6236>
Thread      : recv 7624
Internals   : V6.4.140407OSS/3b83e82/3b83e82/ddsi2/ddsi_socket.c/45/0/1477498939.258047802
========================================================================================
Report      : ERROR
Date        : Wed Oct 26 11:22:19 Central Daylight Time 2016
Description : UDP recvmsg sock 2404: ret -1 errno 10054

Node        : MLP-ACER
Process     : java.exe <6236>
Thread      : recv 7624
Internals   : V6.4.140407OSS/3b83e82/3b83e82/ddsi2/ddsi_socket.c/45/0/1477498939.377910343
========================================================================================
Report      : ERROR
Date        : Wed Oct 26 11:22:19 Central Daylight Time 2016
Description : UDP recvmsg sock 2404: ret -1 errno 10054

Node        : MLP-ACER
Process     : java.exe <6236>
Thread      : recv 7624
Internals   : V6.4.140407OSS/3b83e82/3b83e82/ddsi2/ddsi_socket.c/45/0/1477498939.387915139
========================================================================================
Report      : ERROR
Date        : Wed Oct 26 11:22:19 Central Daylight Time 2016
Description : UDP recvmsg sock 2404: ret -1 errno 10054

Node        : MLP-ACER
Process     : java.exe <6236>
Thread      : recv 7624
Internals   : V6.4.140407OSS/3b83e82/3b83e82/ddsi2/ddsi_socket.c/45/0/1477498939.488005087
========================================================================================
Report      : ERROR
Date        : Wed Oct 26 11:22:19 Central Daylight Time 2016
Description : UDP recvmsg sock 2404: ret -1 errno 10054

Node        : MLP-ACER
Process     : java.exe <6236>
Thread      : recv 7624
Internals   : V6.4.140407OSS/3b83e82/3b83e82/ddsi2/ddsi_socket.c/45/0/1477498939.588030653
========================================================================================
Report      : ERROR
Date        : Wed Oct 26 11:22:19 Central Daylight Time 2016
Description : UDP recvmsg sock 2404: ret -1 errno 10054

Node        : MLP-ACER
Process     : java.exe <6236>
Thread      : recv 7624
Internals   : V6.4.140407OSS/3b83e82/3b83e82/ddsi2/ddsi_socket.c/45/0/1477498939.788080385
========================================================================================
Report      : ERROR
Date        : Wed Oct 26 11:22:20 Central Daylight Time 2016
Description : UDP recvmsg sock 2404: ret -1 errno 10054

Node        : MLP-ACER
Process     : java.exe <6236>
Thread      : recv 7624
Internals   : V6.4.140407OSS/3b83e82/3b83e82/ddsi2/ddsi_socket.c/45/0/1477498940.178224040
========================================================================================
Report      : ERROR
Date        : Wed Oct 26 11:22:20 Central Daylight Time 2016
Description : UDP recvmsg sock 2404: ret -1 errno 10054

Node        : MLP-ACER
Process     : java.exe <6236>
Thread      : recv 7624
Internals   : V6.4.140407OSS/3b83e82/3b83e82/ddsi2/ddsi_socket.c/45/0/1477498940.188204109
========================================================================================
Report      : ERROR
Date        : Wed Oct 26 11:22:20 Central Daylight Time 2016
Description : UDP recvmsg sock 2404: ret -1 errno 10054

Node        : MLP-ACER
Process     : java.exe <6236>
Thread      : recv 7624
Internals   : V6.4.140407OSS/3b83e82/3b83e82/ddsi2/ddsi_socket.c/45/0/1477498940.388434390
========================================================================================
Report      : ERROR
Date        : Wed Oct 26 11:22:20 Central Daylight Time 2016
Description : UDP recvmsg sock 2404: ret -1 errno 10054

Node        : MLP-ACER
Process     : java.exe <6236>
Thread      : recv 7624
Internals   : V6.4.140407OSS/3b83e82/3b83e82/ddsi2/ddsi_socket.c/45/0/1477498940.488433364
========================================================================================
Report      : ERROR
Date        : Wed Oct 26 11:22:20 Central Daylight Time 2016
Description : UDP recvmsg sock 2404: ret -1 errno 10054

Node        : MLP-ACER
Process     : java.exe <6236>
Thread      : recv 7624
Internals   : V6.4.140407OSS/3b83e82/3b83e82/ddsi2/ddsi_socket.c/45/0/1477498940.568649947
========================================================================================
Report      : ERROR
Date        : Wed Oct 26 11:22:20 Central Daylight Time 2016
Description : UDP recvmsg sock 2404: ret -1 errno 10054

Node        : MLP-ACER
Process     : java.exe <6236>
Thread      : recv 7624
Internals   : V6.4.140407OSS/3b83e82/3b83e82/ddsi2/ddsi_socket.c/45/0/1477498940.588625948
========================================================================================
Report      : ERROR
Date        : Wed Oct 26 11:22:20 Central Daylight Time 2016
Description : UDP recvmsg sock 2404: ret -1 errno 10054

Node        : MLP-ACER
Process     : java.exe <6236>
Thread      : recv 7624
Internals   : V6.4.140407OSS/3b83e82/3b83e82/ddsi2/ddsi_socket.c/45/0/1477498940.668647987
========================================================================================
Report      : ERROR
Date        : Wed Oct 26 11:22:20 Central Daylight Time 2016
Description : UDP recvmsg sock 2404: ret -1 errno 10054

Node        : MLP-ACER
Process     : java.exe <6236>
Thread      : recv 7624
Internals   : V6.4.140407OSS/3b83e82/3b83e82/ddsi2/ddsi_socket.c/45/0/1477498940.772380157
========================================================================================
Report      : ERROR
Date        : Wed Oct 26 11:22:20 Central Daylight Time 2016
Description : UDP recvmsg sock 2404: ret -1 errno 10054

Node        : MLP-ACER
Process     : java.exe <6236>
Thread      : recv 7624
Internals   : V6.4.140407OSS/3b83e82/3b83e82/ddsi2/ddsi_socket.c/45/0/1477498940.772660076
========================================================================================
Report      : ERROR
Date        : Wed Oct 26 11:22:20 Central Daylight Time 2016
Description : UDP recvmsg sock 2404: ret -1 errno 10054

Node        : MLP-ACER
Process     : java.exe <6236>
Thread      : recv 7624
Internals   : V6.4.140407OSS/3b83e82/3b83e82/ddsi2/ddsi_socket.c/45/0/1477498940.772790239
========================================================================================
Report      : ERROR
Date        : Wed Oct 26 11:23:15 Central Daylight Time 2016
Description : UDP recvmsg sock 2396: ret -1 errno 10054

Node        : MLP-ACER
Process     : java.exe <5760>
Thread      : recv 7816
Internals   : V6.4.140407OSS/3b83e82/3b83e82/ddsi2/ddsi_socket.c/45/0/1477498995.923895918
========================================================================================
Report      : ERROR
Date        : Wed Oct 26 11:23:16 Central Daylight Time 2016
Description : UDP recvmsg sock 2396: ret -1 errno 10054

Node        : MLP-ACER
Process     : java.exe <5760>
Thread      : recv 7816
Internals   : V6.4.140407OSS/3b83e82/3b83e82/ddsi2/ddsi_socket.c/45/0/1477498996.153745900
========================================================================================
Report      : ERROR
Date        : Wed Oct 26 11:23:16 Central Daylight Time 2016
Description : UDP recvmsg sock 2396: ret -1 errno 10054

Node        : MLP-ACER
Process     : java.exe <5760>
Thread      : recv 7816
Internals   : V6.4.140407OSS/3b83e82/3b83e82/ddsi2/ddsi_socket.c/45/0/1477498996.253781729
========================================================================================
Report      : ERROR
Date        : Wed Oct 26 11:23:16 Central Daylight Time 2016
Description : UDP recvmsg sock 2396: ret -1 errno 10054

Node        : MLP-ACER
Process     : java.exe <5760>
Thread      : recv 7816
Internals   : V6.4.140407OSS/3b83e82/3b83e82/ddsi2/ddsi_socket.c/45/0/1477498996.353825024
========================================================================================
Report      : ERROR
Date        : Wed Oct 26 11:23:16 Central Daylight Time 2016
Description : UDP recvmsg sock 2396: ret -1 errno 10054

Node        : MLP-ACER
Process     : java.exe <5760>
Thread      : recv 7816
Internals   : V6.4.140407OSS/3b83e82/3b83e82/ddsi2/ddsi_socket.c/45/0/1477498996.553856095
========================================================================================
Report      : ERROR
Date        : Wed Oct 26 11:23:16 Central Daylight Time 2016
Description : UDP recvmsg sock 2396: ret -1 errno 10054

Node        : MLP-ACER
Process     : java.exe <5760>
Thread      : recv 7816
Internals   : V6.4.140407OSS/3b83e82/3b83e82/ddsi2/ddsi_socket.c/45/0/1477498996.953966290
========================================================================================
Report      : ERROR
Date        : Wed Oct 26 11:23:17 Central Daylight Time 2016
Description : UDP recvmsg sock 2396: ret -1 errno 10054

Node        : MLP-ACER
Process     : java.exe <5760>
Thread      : recv 7816
Internals   : V6.4.140407OSS/3b83e82/3b83e82/ddsi2/ddsi_socket.c/45/0/1477498997.154189106
========================================================================================
Report      : ERROR
Date        : Wed Oct 26 11:23:17 Central Daylight Time 2016
Description : UDP recvmsg sock 2396: ret -1 errno 10054

Node        : MLP-ACER
Process     : java.exe <5760>
Thread      : recv 7816
Internals   : V6.4.140407OSS/3b83e82/3b83e82/ddsi2/ddsi_socket.c/45/0/1477498997.254209540
========================================================================================
Report      : ERROR
Date        : Wed Oct 26 11:23:17 Central Daylight Time 2016
Description : UDP recvmsg sock 2396: ret -1 errno 10054

Node        : MLP-ACER
Process     : java.exe <5760>
Thread      : recv 7816
Internals   : V6.4.140407OSS/3b83e82/3b83e82/ddsi2/ddsi_socket.c/45/0/1477498997.354215045
========================================================================================
Report      : ERROR
Date        : Wed Oct 26 11:23:17 Central Daylight Time 2016
Description : UDP recvmsg sock 2396: ret -1 errno 10054

Node        : MLP-ACER
Process     : java.exe <5760>
Thread      : recv 7816
Internals   : V6.4.140407OSS/3b83e82/3b83e82/ddsi2/ddsi_socket.c/45/0/1477498997.354461374
========================================================================================
Report      : ERROR
Date        : Wed Oct 26 11:23:17 Central Daylight Time 2016
Description : UDP recvmsg sock 2396: ret -1 errno 10054

Node        : MLP-ACER
Process     : java.exe <5760>
Thread      : recv 7816
Internals   : V6.4.140407OSS/3b83e82/3b83e82/ddsi2/ddsi_socket.c/45/0/1477498997.454310591
========================================================================================
Report      : ERROR
Date        : Wed Oct 26 11:23:17 Central Daylight Time 2016
Description : UDP recvmsg sock 2396: ret -1 errno 10054

Node        : MLP-ACER
Process     : java.exe <5760>
Thread      : recv 7816
Internals   : V6.4.140407OSS/3b83e82/3b83e82/ddsi2/ddsi_socket.c/45/0/1477498997.554194797
========================================================================================
Report      : ERROR
Date        : Wed Oct 26 11:23:17 Central Daylight Time 2016
Description : UDP recvmsg sock 2396: ret -1 errno 10054

Node        : MLP-ACER
Process     : java.exe <5760>
Thread      : recv 7816
Internals   : V6.4.140407OSS/3b83e82/3b83e82/ddsi2/ddsi_socket.c/45/0/1477498997.554389808
========================================================================================
Report      : ERROR
Date        : Wed Oct 26 11:23:17 Central Daylight Time 2016
Description : UDP recvmsg sock 2396: ret -1 errno 10054

Node        : MLP-ACER
Process     : java.exe <5760>
Thread      : recv 7816
Internals   : V6.4.140407OSS/3b83e82/3b83e82/ddsi2/ddsi_socket.c/45/0/1477498997.754308445
========================================================================================
Report      : ERROR
Date        : Wed Oct 26 11:23:17 Central Daylight Time 2016
Description : UDP recvmsg sock 2396: ret -1 errno 10054

Node        : MLP-ACER
Process     : java.exe <5760>
Thread      : recv 7816
Internals   : V6.4.140407OSS/3b83e82/3b83e82/ddsi2/ddsi_socket.c/45/0/1477498997.924279408
========================================================================================
Report      : ERROR
Date        : Wed Oct 26 11:23:17 Central Daylight Time 2016
Description : UDP recvmsg sock 2396: ret -1 errno 10054

Node        : MLP-ACER
Process     : java.exe <5760>
Thread      : recv 7816
Internals   : V6.4.140407OSS/3b83e82/3b83e82/ddsi2/ddsi_socket.c/45/0/1477498997.954216818
========================================================================================
Report      : ERROR
Date        : Wed Oct 26 11:23:18 Central Daylight Time 2016
Description : UDP recvmsg sock 2396: ret -1 errno 10054

Node        : MLP-ACER
Process     : java.exe <5760>
Thread      : recv 7816
Internals   : V6.4.140407OSS/3b83e82/3b83e82/ddsi2/ddsi_socket.c/45/0/1477498998.154214299
========================================================================================
Report      : ERROR
Date        : Wed Oct 26 11:23:18 Central Daylight Time 2016
Description : UDP recvmsg sock 2396: ret -1 errno 10054

Node        : MLP-ACER
Process     : java.exe <5760>
Thread      : recv 7816
Internals   : V6.4.140407OSS/3b83e82/3b83e82/ddsi2/ddsi_socket.c/45/0/1477498998.154400445
========================================================================================
Report      : ERROR
Date        : Wed Oct 26 11:23:18 Central Daylight Time 2016
Description : UDP recvmsg sock 2396: ret -1 errno 10054

Node        : MLP-ACER
Process     : java.exe <5760>
Thread      : recv 7816
Internals   : V6.4.140407OSS/3b83e82/3b83e82/ddsi2/ddsi_socket.c/45/0/1477498998.254337836
========================================================================================
Report      : ERROR
Date        : Wed Oct 26 11:23:18 Central Daylight Time 2016
Description : UDP recvmsg sock 2396: ret -1 errno 10054

Node        : MLP-ACER
Process     : java.exe <5760>
Thread      : recv 7816
Internals   : V6.4.140407OSS/3b83e82/3b83e82/ddsi2/ddsi_socket.c/45/0/1477498998.354478169
========================================================================================
Report      : ERROR
Date        : Wed Oct 26 11:23:18 Central Daylight Time 2016
Description : UDP recvmsg sock 2396: ret -1 errno 10054

Node        : MLP-ACER
Process     : java.exe <5760>
Thread      : recv 7816
Internals   : V6.4.140407OSS/3b83e82/3b83e82/ddsi2/ddsi_socket.c/45/0/1477498998.554771899
========================================================================================
Report      : ERROR
Date        : Wed Oct 26 11:23:18 Central Daylight Time 2016
Description : UDP recvmsg sock 2396: ret -1 errno 10054

Node        : MLP-ACER
Process     : java.exe <5760>
Thread      : recv 7816
Internals   : V6.4.140407OSS/3b83e82/3b83e82/ddsi2/ddsi_socket.c/45/0/1477498998.954901221
========================================================================================
Report      : ERROR
Date        : Wed Oct 26 11:23:18 Central Daylight Time 2016
Description : UDP recvmsg sock 2396: ret -1 errno 10054

Node        : MLP-ACER
Process     : java.exe <5760>
Thread      : recv 7816
Internals   : V6.4.140407OSS/3b83e82/3b83e82/ddsi2/ddsi_socket.c/45/0/1477498998.955085502
========================================================================================
Report      : ERROR
Date        : Wed Oct 26 11:23:19 Central Daylight Time 2016
Description : UDP recvmsg sock 2396: ret -1 errno 10054

Node        : MLP-ACER
Process     : java.exe <5760>
Thread      : recv 7816
Internals   : V6.4.140407OSS/3b83e82/3b83e82/ddsi2/ddsi_socket.c/45/0/1477498999.154947688
========================================================================================
Report      : ERROR
Date        : Wed Oct 26 11:23:19 Central Daylight Time 2016
Description : UDP recvmsg sock 2396: ret -1 errno 10054

Node        : MLP-ACER
Process     : java.exe <5760>
Thread      : recv 7816
Internals   : V6.4.140407OSS/3b83e82/3b83e82/ddsi2/ddsi_socket.c/45/0/1477498999.254960191
========================================================================================
Report      : ERROR
Date        : Wed Oct 26 11:23:19 Central Daylight Time 2016
Description : UDP recvmsg sock 2396: ret -1 errno 10054

Node        : MLP-ACER
Process     : java.exe <5760>
Thread      : recv 7816
Internals   : V6.4.140407OSS/3b83e82/3b83e82/ddsi2/ddsi_socket.c/45/0/1477498999.255150070
========================================================================================
Report      : ERROR
Date        : Wed Oct 26 11:23:19 Central Daylight Time 2016
Description : UDP recvmsg sock 2396: ret -1 errno 10054

Node        : MLP-ACER
Process     : java.exe <5760>
Thread      : recv 7816
Internals   : V6.4.140407OSS/3b83e82/3b83e82/ddsi2/ddsi_socket.c/45/0/1477498999.354960564
========================================================================================
Report      : ERROR
Date        : Wed Oct 26 11:23:19 Central Daylight Time 2016
Description : UDP recvmsg sock 2396: ret -1 errno 10054

Node        : MLP-ACER
Process     : java.exe <5760>
Thread      : recv 7816
Internals   : V6.4.140407OSS/3b83e82/3b83e82/ddsi2/ddsi_socket.c/45/0/1477498999.355144378
========================================================================================
Report      : ERROR
Date        : Wed Oct 26 11:23:19 Central Daylight Time 2016
Description : UDP recvmsg sock 2396: ret -1 errno 10054

Node        : MLP-ACER
Process     : java.exe <5760>
Thread      : recv 7816
Internals   : V6.4.140407OSS/3b83e82/3b83e82/ddsi2/ddsi_socket.c/45/0/1477498999.454979599
========================================================================================
Report      : ERROR
Date        : Wed Oct 26 11:23:19 Central Daylight Time 2016
Description : UDP recvmsg sock 2396: ret -1 errno 10054

Node        : MLP-ACER
Process     : java.exe <5760>
Thread      : recv 7816
Internals   : V6.4.140407OSS/3b83e82/3b83e82/ddsi2/ddsi_socket.c/45/0/1477498999.465209264
========================================================================================
Report      : ERROR
Date        : Wed Oct 26 11:23:19 Central Daylight Time 2016
Description : UDP recvmsg sock 2396: ret -1 errno 10054

Node        : MLP-ACER
Process     : java.exe <5760>
Thread      : recv 7816
Internals   : V6.4.140407OSS/3b83e82/3b83e82/ddsi2/ddsi_socket.c/45/0/1477498999.465404741
========================================================================================
Report      : ERROR
Date        : Wed Oct 26 11:34:00 Central Daylight Time 2016
Description : UDP recvmsg sock 2396: ret -1 errno 10054

Node        : MLP-ACER
Process     : java.exe <2348>
Thread      : recv 6392
Internals   : V6.4.140407OSS/3b83e82/3b83e82/ddsi2/ddsi_socket.c/45/0/1477499640.578330066
========================================================================================
Report      : ERROR
Date        : Wed Oct 26 11:34:00 Central Daylight Time 2016
Description : UDP recvmsg sock 2396: ret -1 errno 10054

Node        : MLP-ACER
Process     : java.exe <2348>
Thread      : recv 6392
Internals   : V6.4.140407OSS/3b83e82/3b83e82/ddsi2/ddsi_socket.c/45/0/1477499640.697589846
========================================================================================
Report      : ERROR
Date        : Wed Oct 26 11:34:00 Central Daylight Time 2016
Description : UDP recvmsg sock 2396: ret -1 errno 10054

Node        : MLP-ACER
Process     : java.exe <2348>
Thread      : recv 6392
Internals   : V6.4.140407OSS/3b83e82/3b83e82/ddsi2/ddsi_socket.c/45/0/1477499640.797612613
========================================================================================
Report      : ERROR
Date        : Wed Oct 26 11:34:00 Central Daylight Time 2016
Description : UDP recvmsg sock 2396: ret -1 errno 10054

Node        : MLP-ACER
Process     : java.exe <2348>
Thread      : recv 6392
Internals   : V6.4.140407OSS/3b83e82/3b83e82/ddsi2/ddsi_socket.c/45/0/1477499640.897741749
========================================================================================
Report      : ERROR
Date        : Wed Oct 26 11:34:01 Central Daylight Time 2016
Description : UDP recvmsg sock 2396: ret -1 errno 10054

Node        : MLP-ACER
Process     : java.exe <2348>
Thread      : recv 6392
Internals   : V6.4.140407OSS/3b83e82/3b83e82/ddsi2/ddsi_socket.c/45/0/1477499641.099952462
========================================================================================
Report      : ERROR
Date        : Wed Oct 26 11:34:01 Central Daylight Time 2016
Description : UDP recvmsg sock 2396: ret -1 errno 10054

Node        : MLP-ACER
Process     : java.exe <2348>
Thread      : recv 6392
Internals   : V6.4.140407OSS/3b83e82/3b83e82/ddsi2/ddsi_socket.c/45/0/1477499641.504482588
========================================================================================
Report      : ERROR
Date        : Wed Oct 26 11:34:01 Central Daylight Time 2016
Description : UDP recvmsg sock 2396: ret -1 errno 10054

Node        : MLP-ACER
Process     : java.exe <2348>
Thread      : recv 6392
Internals   : V6.4.140407OSS/3b83e82/3b83e82/ddsi2/ddsi_socket.c/45/0/1477499641.704629360
========================================================================================
Report      : ERROR
Date        : Wed Oct 26 11:34:01 Central Daylight Time 2016
Description : UDP recvmsg sock 2396: ret -1 errno 10054

Node        : MLP-ACER
Process     : java.exe <2348>
Thread      : recv 6392
Internals   : V6.4.140407OSS/3b83e82/3b83e82/ddsi2/ddsi_socket.c/45/0/1477499641.804632066
========================================================================================
Report      : ERROR
Date        : Wed Oct 26 11:34:01 Central Daylight Time 2016
Description : UDP recvmsg sock 2396: ret -1 errno 10054

Node        : MLP-ACER
Process     : java.exe <2348>
Thread      : recv 6392
Internals   : V6.4.140407OSS/3b83e82/3b83e82/ddsi2/ddsi_socket.c/45/0/1477499641.884753943
========================================================================================
Report      : ERROR
Date        : Wed Oct 26 11:34:01 Central Daylight Time 2016
Description : UDP recvmsg sock 2396: ret -1 errno 10054

Node        : MLP-ACER
Process     : java.exe <2348>
Thread      : recv 6392
Internals   : V6.4.140407OSS/3b83e82/3b83e82/ddsi2/ddsi_socket.c/45/0/1477499641.904639903
========================================================================================
Report      : ERROR
Date        : Wed Oct 26 11:34:01 Central Daylight Time 2016
Description : UDP recvmsg sock 2396: ret -1 errno 10054

Node        : MLP-ACER
Process     : java.exe <2348>
Thread      : recv 6392
Internals   : V6.4.140407OSS/3b83e82/3b83e82/ddsi2/ddsi_socket.c/45/0/1477499641.984779509
========================================================================================
Report      : ERROR
Date        : Wed Oct 26 11:34:02 Central Daylight Time 2016
Description : UDP recvmsg sock 2396: ret -1 errno 10054

Node        : MLP-ACER
Process     : java.exe <2348>
Thread      : recv 6392
Internals   : V6.4.140407OSS/3b83e82/3b83e82/ddsi2/ddsi_socket.c/45/0/1477499642.084778949
========================================================================================
Report      : ERROR
Date        : Wed Oct 26 11:34:02 Central Daylight Time 2016
Description : UDP recvmsg sock 2396: ret -1 errno 10054

Node        : MLP-ACER
Process     : java.exe <2348>
Thread      : recv 6392
Internals   : V6.4.140407OSS/3b83e82/3b83e82/ddsi2/ddsi_socket.c/45/0/1477499642.104646248
========================================================================================
Report      : ERROR
Date        : Wed Oct 26 11:34:02 Central Daylight Time 2016
Description : UDP recvmsg sock 2396: ret -1 errno 10054

Node        : MLP-ACER
Process     : java.exe <2348>
Thread      : recv 6392
Internals   : V6.4.140407OSS/3b83e82/3b83e82/ddsi2/ddsi_socket.c/45/0/1477499642.284781095
========================================================================================
Report      : ERROR
Date        : Wed Oct 26 11:34:02 Central Daylight Time 2016
Description : UDP recvmsg sock 2396: ret -1 errno 10054

Node        : MLP-ACER
Process     : java.exe <2348>
Thread      : recv 6392
Internals   : V6.4.140407OSS/3b83e82/3b83e82/ddsi2/ddsi_socket.c/45/0/1477499642.504675267
========================================================================================
Report      : ERROR
Date        : Wed Oct 26 11:34:02 Central Daylight Time 2016
Description : UDP recvmsg sock 2396: ret -1 errno 10054

Node        : MLP-ACER
Process     : java.exe <2348>
Thread      : recv 6392
Internals   : V6.4.140407OSS/3b83e82/3b83e82/ddsi2/ddsi_socket.c/45/0/1477499642.584688908
========================================================================================
Report      : ERROR
Date        : Wed Oct 26 11:34:02 Central Daylight Time 2016
Description : UDP recvmsg sock 2396: ret -1 errno 10054

Node        : MLP-ACER
Process     : java.exe <2348>
Thread      : recv 6392
Internals   : V6.4.140407OSS/3b83e82/3b83e82/ddsi2/ddsi_socket.c/45/0/1477499642.684779322
========================================================================================
Report      : ERROR
Date        : Wed Oct 26 11:34:02 Central Daylight Time 2016
Description : UDP recvmsg sock 2396: ret -1 errno 10054

Node        : MLP-ACER
Process     : java.exe <2348>
Thread      : recv 6392
Internals   : V6.4.140407OSS/3b83e82/3b83e82/ddsi2/ddsi_socket.c/45/0/1477499642.704696074
========================================================================================
Report      : ERROR
Date        : Wed Oct 26 11:34:02 Central Daylight Time 2016
Description : UDP recvmsg sock 2396: ret -1 errno 10054

Node        : MLP-ACER
Process     : java.exe <2348>
Thread      : recv 6392
Internals   : V6.4.140407OSS/3b83e82/3b83e82/ddsi2/ddsi_socket.c/45/0/1477499642.804716508
========================================================================================
Report      : ERROR
Date        : Wed Oct 26 11:34:02 Central Daylight Time 2016
Description : UDP recvmsg sock 2396: ret -1 errno 10054

Node        : MLP-ACER
Process     : java.exe <2348>
Thread      : recv 6392
Internals   : V6.4.140407OSS/3b83e82/3b83e82/ddsi2/ddsi_socket.c/45/0/1477499642.904715482
========================================================================================
Report      : ERROR
Date        : Wed Oct 26 11:34:03 Central Daylight Time 2016
Description : UDP recvmsg sock 2396: ret -1 errno 10054

Node        : MLP-ACER
Process     : java.exe <2348>
Thread      : recv 6392
Internals   : V6.4.140407OSS/3b83e82/3b83e82/ddsi2/ddsi_socket.c/45/0/1477499643.104693368
========================================================================================
Report      : ERROR
Date        : Wed Oct 26 11:34:03 Central Daylight Time 2016
Description : UDP recvmsg sock 2396: ret -1 errno 10054

Node        : MLP-ACER
Process     : java.exe <2348>
Thread      : recv 6392
Internals   : V6.4.140407OSS/3b83e82/3b83e82/ddsi2/ddsi_socket.c/45/0/1477499643.484760847
========================================================================================
Report      : ERROR
Date        : Wed Oct 26 11:34:03 Central Daylight Time 2016
Description : UDP recvmsg sock 2396: ret -1 errno 10054

Node        : MLP-ACER
Process     : java.exe <2348>
Thread      : recv 6392
Internals   : V6.4.140407OSS/3b83e82/3b83e82/ddsi2/ddsi_socket.c/45/0/1477499643.504693928
========================================================================================
Report      : ERROR
Date        : Wed Oct 26 11:34:03 Central Daylight Time 2016
Description : UDP recvmsg sock 2396: ret -1 errno 10054

Node        : MLP-ACER
Process     : java.exe <2348>
Thread      : recv 6392
Internals   : V6.4.140407OSS/3b83e82/3b83e82/ddsi2/ddsi_socket.c/45/0/1477499643.704844431
========================================================================================
Report      : ERROR
Date        : Wed Oct 26 11:34:03 Central Daylight Time 2016
Description : UDP recvmsg sock 2396: ret -1 errno 10054

Node        : MLP-ACER
Process     : java.exe <2348>
Thread      : recv 6392
Internals   : V6.4.140407OSS/3b83e82/3b83e82/ddsi2/ddsi_socket.c/45/0/1477499643.804865332
========================================================================================
Report      : ERROR
Date        : Wed Oct 26 11:34:03 Central Daylight Time 2016
Description : UDP recvmsg sock 2396: ret -1 errno 10054

Node        : MLP-ACER
Process     : java.exe <2348>
Thread      : recv 6392
Internals   : V6.4.140407OSS/3b83e82/3b83e82/ddsi2/ddsi_socket.c/45/0/1477499643.904849377
========================================================================================
Report      : ERROR
Date        : Wed Oct 26 11:34:03 Central Daylight Time 2016
Description : UDP recvmsg sock 2396: ret -1 errno 10054

Node        : MLP-ACER
Process     : java.exe <2348>
Thread      : recv 6392
Internals   : V6.4.140407OSS/3b83e82/3b83e82/ddsi2/ddsi_socket.c/45/0/1477499643.905134428
========================================================================================
Report      : ERROR
Date        : Wed Oct 26 11:34:04 Central Daylight Time 2016
Description : UDP recvmsg sock 2396: ret -1 errno 10054

Node        : MLP-ACER
Process     : java.exe <2348>
Thread      : recv 6392
Internals   : V6.4.140407OSS/3b83e82/3b83e82/ddsi2/ddsi_socket.c/45/0/1477499644.005176323
========================================================================================
Report      : ERROR
Date        : Wed Oct 26 11:34:04 Central Daylight Time 2016
Description : UDP recvmsg sock 2396: ret -1 errno 10054

Node        : MLP-ACER
Process     : java.exe <2348>
Thread      : recv 6392
Internals   : V6.4.140407OSS/3b83e82/3b83e82/ddsi2/ddsi_socket.c/45/0/1477499644.104847790
========================================================================================
Report      : ERROR
Date        : Wed Oct 26 11:34:04 Central Daylight Time 2016
Description : UDP recvmsg sock 2396: ret -1 errno 10054

Node        : MLP-ACER
Process     : java.exe <2348>
Thread      : recv 6392
Internals   : V6.4.140407OSS/3b83e82/3b83e82/ddsi2/ddsi_socket.c/45/0/1477499644.105122112
========================================================================================
Report      : ERROR
Date        : Wed Oct 26 11:34:04 Central Daylight Time 2016
Description : UDP recvmsg sock 2396: ret -1 errno 10054

Node        : MLP-ACER
Process     : java.exe <2348>
Thread      : recv 6392
Internals   : V6.4.140407OSS/3b83e82/3b83e82/ddsi2/ddsi_socket.c/45/0/1477499644.125070588
========================================================================================
Report      : ERROR
Date        : Wed Oct 26 11:34:04 Central Daylight Time 2016
Description : UDP recvmsg sock 2396: ret -1 errno 10054

Node        : MLP-ACER
Process     : java.exe <2348>
Thread      : recv 6392
Internals   : V6.4.140407OSS/3b83e82/3b83e82/ddsi2/ddsi_socket.c/45/0/1477499644.125262799
